<?xml version="1.0" encoding="UTF-8"?>
<!-- Generated by org.testng.reporters.JUnitReportReporter -->
<testsuite hostname="LTIN219790" failures="0" tests="7" name="testCases.TC002_BikeDetails" time="25.511" errors="0" timestamp="2024-03-12T09:14:55 IST" skipped="0">
  <testcase classname="testCases.TC002_BikeDetails" name="testingBike" time="0.072"/>
  <testcase classname="testCases.TC002_BikeDetails" name="testhoverBikes" time="0.408"/>
  <testcase classname="testCases.TC002_BikeDetails" name="testclickUpcomingBikes" time="1.690"/>
  <testcase classname="testCases.TC002_BikeDetails" name="testselectManufacturer" time="6.456"/>
  <testcase classname="testCases.TC002_BikeDetails" name="testclickToViewMore" time="0.873"/>
  <testcase classname="testCases.TC002_BikeDetails" name="testrintUpcomingBikeDetails" time="5.577"/>
  <testcase classname="testCases.TC002_BikeDetails" name="testWriteBikeDetails" time="10.435"/>
</testsuite> <!-- testCases.TC002_BikeDetails -->
