<?xml version="1.0" encoding="UTF-8"?>
<!-- Generated by org.testng.reporters.JUnitReportReporter -->
<testsuite hostname="LTIN219790" failures="0" tests="5" name="testCases.TC001_InvalidGoogleLogin" time="8.558" errors="0" timestamp="2024-03-12T09:14:55 IST" skipped="0">
  <testcase classname="testCases.TC001_InvalidGoogleLogin" name="testing" time="0.191"/>
  <testcase classname="testCases.TC001_InvalidGoogleLogin" name="testclickLoginButton" time="1.831"/>
  <testcase classname="testCases.TC001_InvalidGoogleLogin" name="testclickGoogleAccount" time="0.564"/>
  <testcase classname="testCases.TC001_InvalidGoogleLogin" name="testenterRandomEmail" time="4.604"/>
  <testcase classname="testCases.TC001_InvalidGoogleLogin" name="testprintErrorMessage" time="1.368"/>
</testsuite> <!-- testCases.TC001_InvalidGoogleLogin -->
