<?xml version="1.0" encoding="UTF-8"?>
<!-- Generated by org.testng.reporters.JUnitReportReporter -->
<testsuite hostname="LTIN219790" failures="0" tests="1" name="testCases.TC001_InvalidGoogleLogin" time="11.461" errors="0" timestamp="2024-02-28T00:18:48 IST" skipped="0">
  <testcase classname="testCases.TC001_InvalidGoogleLogin" name="testInvalidGoogleLogin" time="11.461"/>
</testsuite> <!-- testCases.TC001_InvalidGoogleLogin -->
