<?xml version="1.0" encoding="UTF-8"?>
<!-- Generated by org.testng.reporters.JUnitReportReporter -->
<testsuite hostname="LTIN219790" failures="0" tests="3" name="testCases.TC003_UsedCarDetails" time="149.195" errors="0" timestamp="2024-02-28T11:31:20 IST" skipped="0">
  <testcase classname="testCases.TC003_UsedCarDetails" name="testUsedCars" time="16.280"/>
  <testcase classname="testCases.TC003_UsedCarDetails" name="testWritePopularCarModel" time="6.129"/>
  <testcase classname="testCases.TC003_UsedCarDetails" name="testWriteAllPopularCarModelDetails" time="126.786"/>
</testsuite> <!-- testCases.TC003_UsedCarDetails -->
