<?xml version="1.0" encoding="UTF-8"?>
<!-- Generated by org.testng.reporters.JUnitReportReporter -->
<testsuite hostname="LTIN219790" failures="0" tests="2" name="testCases.TC003_CarDetails" time="10.994" errors="0" timestamp="2024-02-27T12:17:21 IST" skipped="0">
  <testcase classname="testCases.TC003_CarDetails" name="testCarDetails" time="9.058"/>
  <testcase classname="testCases.TC003_CarDetails" name="testWriteCarDetails" time="1.936"/>
</testsuite> <!-- testCases.TC003_CarDetails -->
