<?xml version="1.0" encoding="UTF-8"?>
<!-- Generated by org.testng.reporters.JUnitReportReporter -->
<testsuite hostname="LTIN219790" failures="0" tests="7" name="testCases.TC003_UsedCarDetails" time="13.508" errors="0" timestamp="2024-03-12T09:14:55 IST" skipped="0">
  <testcase classname="testCases.TC003_UsedCarDetails" name="testing" time="0.057"/>
  <testcase classname="testCases.TC003_UsedCarDetails" name="testhoverUsedCars" time="4.826"/>
  <testcase classname="testCases.TC003_UsedCarDetails" name="testclickChennai" time="7.520"/>
  <testcase classname="testCases.TC003_UsedCarDetails" name="testscrollToPopularModel" time="0.031"/>
  <testcase classname="testCases.TC003_UsedCarDetails" name="testprintAllPopularCarModelDetails" time="0.003"/>
  <testcase classname="testCases.TC003_UsedCarDetails" name="testprintPopularCarModels" time="0.562"/>
  <testcase classname="testCases.TC003_UsedCarDetails" name="testWritePopularCarModel" time="0.509"/>
</testsuite> <!-- testCases.TC003_UsedCarDetails -->
