<?xml version="1.0" encoding="UTF-8"?>
<!-- Generated by org.testng.reporters.JUnitReportReporter -->
<testsuite hostname="LTIN219790" failures="0" tests="2" name="testCases.TC002_BikeDetails" time="26.503" errors="0" timestamp="2024-02-28T00:18:48 IST" skipped="0">
  <testcase classname="testCases.TC002_BikeDetails" name="testBikeDetails" time="16.446"/>
  <testcase classname="testCases.TC002_BikeDetails" name="testWriteBikeDetails" time="10.057"/>
</testsuite> <!-- testCases.TC002_BikeDetails -->
