<?xml version="1.0" encoding="UTF-8"?>
<!-- Generated by org.testng.reporters.JUnitReportReporter -->
<testsuite hostname="LTIN219790" failures="0" tests="3" name="testCases.TC005_HealthInsurance" time="81.294" errors="0" timestamp="2024-02-27T12:17:21 IST" skipped="0">
  <testcase classname="testCases.TC005_HealthInsurance" name="testHealthInsurance" time="65.305"/>
  <testcase classname="testCases.TC005_HealthInsurance" name="testWriteHealthInsuranceBrandName" time="15.412"/>
  <testcase classname="testCases.TC005_HealthInsurance" name="testWriteHealthInsurancePlan" time="0.577"/>
</testsuite> <!-- testCases.TC005_HealthInsurance -->
